<?xml version="1.0" encoding="UTF-8"?>
<!-- Generated by org.testng.reporters.JUnitReportReporter -->
<testsuite hostname="Abhishek" failures="0" tests="2" name="com.ninza.hrm.api.employeetest.EmployeeTest" time="3.258" errors="0" timestamp="2025-04-17T18:12:27 IST" skipped="0">
  <testcase classname="com.ninza.hrm.api.employeetest.EmployeeTest" name="addEmployeWithOutEmailTest" time="0.095"/>
  <testcase classname="com.ninza.hrm.api.employeetest.EmployeeTest" name="addEmployeTest" time="3.163"/>
</testsuite> <!-- com.ninza.hrm.api.employeetest.EmployeeTest -->
