<?xml version="1.0" encoding="UTF-8"?>
<!-- Generated by org.testng.reporters.JUnitReportReporter -->
<testsuite hostname="Abhishek" failures="0" tests="1" name="com.ninza.hrm.api.employeetest.NinzaTest" time="21.044" errors="0" timestamp="2025-04-16T17:39:02 IST" skipped="0">
  <testcase classname="com.ninza.hrm.api.employeetest.NinzaTest" name="createTest" time="21.044"/>
</testsuite> <!-- com.ninza.hrm.api.employeetest.NinzaTest -->
