<?xml version="1.0" encoding="UTF-8"?>
<!-- Generated by org.testng.reporters.JUnitReportReporter -->
<testsuite hostname="Abhishek" failures="0" tests="2" name="com.ninza.hrm.api.projecttest.ProjectTest" time="1.298" errors="0" timestamp="2025-04-17T17:46:38 IST" skipped="0">
  <testcase classname="com.ninza.hrm.api.projecttest.ProjectTest" name="addSingleProjectWithCreated" time="1.249"/>
  <testcase classname="com.ninza.hrm.api.projecttest.ProjectTest" name="createDuplicateProjectTest" time="0.049"/>
</testsuite> <!-- com.ninza.hrm.api.projecttest.ProjectTest -->
