<?xml version="1.0" encoding="UTF-8"?>
<!-- Generated by org.testng.reporters.JUnitReportReporter -->
<testsuite hostname="Abhishek" failures="0" tests="1" name="com.ninza.hrm.api.projecttest.addSingleProjectWithCreated" time="9.248" errors="0" timestamp="2025-04-16T12:32:18 IST" skipped="0">
  <testcase classname="com.ninza.hrm.api.projecttest.addSingleProjectWithCreated" name="createProject" time="9.248"/>
</testsuite> <!-- com.ninza.hrm.api.projecttest.addSingleProjectWithCreated -->
