<?xml version="1.0" encoding="UTF-8"?>
<!-- Generated by org.testng.reporters.JUnitReportReporter -->
<testsuite hostname="Abhishek" failures="0" tests="2" name="com.ninza.hrm.api.employeetest.EmployeeTest" time="3.449" errors="0" timestamp="2025-04-17T18:08:38 IST" skipped="0">
  <testcase classname="com.ninza.hrm.api.employeetest.EmployeeTest" name="addEmployeTest" time="3.218"/>
  <testcase classname="com.ninza.hrm.api.employeetest.EmployeeTest" name="addEmployeWithOutEmailTest" time="0.231"/>
</testsuite> <!-- com.ninza.hrm.api.employeetest.EmployeeTest -->
