<?xml version="1.0" encoding="UTF-8"?>
<!-- Generated by org.testng.reporters.JUnitReportReporter -->
<testsuite hostname="Abhishek" failures="0" tests="2" name="com.ninza.hrm.api.projecttest.ProjectTest" time="3.164" errors="0" timestamp="2025-04-17T18:08:38 IST" skipped="0">
  <testcase classname="com.ninza.hrm.api.projecttest.ProjectTest" name="createDuplicateProjectTest" time="0.143"/>
  <testcase classname="com.ninza.hrm.api.projecttest.ProjectTest" name="addSingleProjectWithCreated" time="3.021"/>
</testsuite> <!-- com.ninza.hrm.api.projecttest.ProjectTest -->
