<?xml version="1.0" encoding="UTF-8"?>
<!-- Generated by org.testng.reporters.JUnitReportReporter -->
<testsuite hostname="Abhishek" failures="0" tests="2" name="com.ninza.hrm.api.projecttest.ProjectTest" time="1.300" errors="0" timestamp="2025-04-18T14:51:48 IST" skipped="0">
  <testcase classname="com.ninza.hrm.api.projecttest.ProjectTest" name="addSingleProjectWithCreated" time="1.210"/>
  <testcase classname="com.ninza.hrm.api.projecttest.ProjectTest" name="createDuplicateProjectTest" time="0.090"/>
</testsuite> <!-- com.ninza.hrm.api.projecttest.ProjectTest -->
